[2025-09-16 17:37:26] === PIPELINE START ===
Steps: 7
Keep-going: False
Log file : C:\Users\kims0\OneDrive\바탕 화면\risk_management\data\_logs\pipeline_20250916_173726.log
Python   : C:\Users\kims0\OneDrive\바탕 화면\risk_management\venv\Scripts\python.exe
[2025-09-16 17:37:26] --- Step 1/7: src/price.py ---
[2025-09-16 17:37:26] [RUN ] src/price.py  (cmd: C:\Users\kims0\OneDrive\바탕 화면\risk_management\venv\Scripts\python.exe C:\Users\kims0\OneDrive\바탕 화면\risk_management\src\price.py)
C:\Users\kims0\OneDrive\바탕 화면\risk_management\venv\Lib\site-packages\pykrx\__init__.py:4: UserWarning: pkg_resources is deprecated as an API. See https://setuptools.pypa.io/en/latest/pkg_resources.html. The pkg_resources package is slated for removal as early as 2025-11-30. Refrain from using this package or pin to Setuptools<81.
  import pkg_resources
[2025-09-16 17:37:35] [DONE] price.py  exit=0  elapsed=9.4s
[2025-09-16 17:37:35] --- Step 2/7: src/return.py ---
[2025-09-16 17:37:35] [RUN ] src/return.py  (cmd: C:\Users\kims0\OneDrive\바탕 화면\risk_management\venv\Scripts\python.exe C:\Users\kims0\OneDrive\바탕 화면\risk_management\src\return.py)
[OK] 결과 저장: data\result\portfolio_status_2025-09-16.md
[2025-09-16 17:37:36] [DONE] return.py  exit=0  elapsed=1.1s
[2025-09-16 17:37:36] --- Step 3/7: src/beta.py ---
[2025-09-16 17:37:36] [RUN ] src/beta.py  (cmd: C:\Users\kims0\OneDrive\바탕 화면\risk_management\venv\Scripts\python.exe C:\Users\kims0\OneDrive\바탕 화면\risk_management\src\beta.py)
[OK] Beta 결과 추가 완료: data\result\portfolio_status_2025-09-16.md
[2025-09-16 17:37:37] [DONE] beta.py  exit=0  elapsed=0.7s
[2025-09-16 17:37:37] --- Step 4/7: src/ewma.py ---
[2025-09-16 17:37:37] [RUN ] src/ewma.py  (cmd: C:\Users\kims0\OneDrive\바탕 화면\risk_management\venv\Scripts\python.exe C:\Users\kims0\OneDrive\바탕 화면\risk_management\src\ewma.py)
[OK] EWMA CSV 저장: data\processed\ewma_1y_lambda0_94_2025-09-16.csv
[OK] EWMA 결과 추가 완료: data\result\portfolio_status_2025-09-16.md
[2025-09-16 17:37:38] [DONE] ewma.py  exit=0  elapsed=0.6s
[2025-09-16 17:37:38] --- Step 5/7: src/cov.py ---
[2025-09-16 17:37:38] [RUN ] src/cov.py  (cmd: C:\Users\kims0\OneDrive\바탕 화면\risk_management\venv\Scripts\python.exe C:\Users\kims0\OneDrive\바탕 화면\risk_management\src\cov.py)
[완료] 11개 종목, 창: 2024-09-16 ~ 2025-09-16
[저장] data\processed\corr_1y_2025-09-16.csv
[2025-09-16 17:37:38] [DONE] cov.py  exit=0  elapsed=0.6s
[2025-09-16 17:37:38] --- Step 6/7: src/self_cov.py ---
[2025-09-16 17:37:38] [RUN ] src/self_cov.py  (cmd: C:\Users\kims0\OneDrive\바탕 화면\risk_management\venv\Scripts\python.exe C:\Users\kims0\OneDrive\바탕 화면\risk_management\src\self_cov.py)
[OK] 저장 완료: data\processed\acf_1y_lag1_9_2025-09-16.csv
[2025-09-16 17:37:39] [DONE] self_cov.py  exit=0  elapsed=0.6s
[2025-09-16 17:37:39] --- Step 7/7: src/var.py ---
[2025-09-16 17:37:39] [RUN ] src/var.py  (cmd: C:\Users\kims0\OneDrive\바탕 화면\risk_management\venv\Scripts\python.exe C:\Users\kims0\OneDrive\바탕 화면\risk_management\src\var.py)
[완료] 개별 종목 VaR: data\result\var_individual_2025-09-16.csv
[완료] 포트폴리오 VaR 요약: data\result\var_portfolio_2025-09-16.csv
[완료] MD 요약: data\result\portfolio_status_2025-09-16.md
[2025-09-16 17:37:39] [DONE] var.py  exit=0  elapsed=0.7s
[2025-09-16 17:37:39] === PIPELINE END ===  ok=7, fail=0, elapsed_total=13.5s
