[2025-09-15 19:29:36] [OK] 000640 저장: rows=2455 (fetch 2015-09-15~2025-09-15, new=2455) -> data\raw\동아쏘시오홀딩스.csv
[2025-09-15 19:29:36] [OK] 001430 저장: rows=2455 (fetch 2015-09-15~2025-09-15, new=2455) -> data\raw\세아베스틸지주.csv
[2025-09-15 19:29:36] [OK] 001800 저장: rows=2455 (fetch 2015-09-15~2025-09-15, new=2455) -> data\raw\오리온홀딩스.csv
[2025-09-15 19:29:36] [OK] 002790 저장: rows=2455 (fetch 2015-09-15~2025-09-15, new=2455) -> data\raw\아모레퍼시픽홀딩스.csv
[2025-09-15 19:29:37] [OK] 005440 저장: rows=2455 (fetch 2015-09-15~2025-09-15, new=2455) -> data\raw\현대지에프홀딩스.csv
[2025-09-15 19:29:37] [OK] 009970 저장: rows=2455 (fetch 2015-09-15~2025-09-15, new=2455) -> data\raw\영원무역홀딩스.csv
[2025-09-15 19:29:37] [OK] 028260 저장: rows=2455 (fetch 2015-09-15~2025-09-15, new=2455) -> data\raw\삼성물산.csv
[2025-09-15 19:29:37] [OK] 030200 저장: rows=2455 (fetch 2015-09-15~2025-09-15, new=2455) -> data\raw\KT.csv
[2025-09-15 19:29:37] [OK] 032640 저장: rows=2455 (fetch 2015-09-15~2025-09-15, new=2455) -> data\raw\LG유플러스.csv
[2025-09-15 19:29:38] [OK] 035250 저장: rows=2455 (fetch 2015-09-15~2025-09-15, new=2455) -> data\raw\강원랜드.csv
[2025-09-15 19:29:38] [OK] 034220 저장: rows=2455 (fetch 2015-09-15~2025-09-15, new=2455) -> data\raw\LG디스플레이.csv
[2025-09-15 19:34:14] [OK] 000640 저장: rows=2455 (fetch 2025-09-15~2025-09-15, new=1) -> data\raw\동아쏘시오홀딩스.csv
[2025-09-15 19:34:14] [OK] 001430 저장: rows=2455 (fetch 2025-09-15~2025-09-15, new=1) -> data\raw\세아베스틸지주.csv
[2025-09-15 19:34:15] [OK] 001800 저장: rows=2455 (fetch 2025-09-15~2025-09-15, new=1) -> data\raw\오리온홀딩스.csv
[2025-09-15 19:34:15] [OK] 002790 저장: rows=2455 (fetch 2025-09-15~2025-09-15, new=1) -> data\raw\아모레퍼시픽홀딩스.csv
[2025-09-15 19:34:15] [OK] 005440 저장: rows=2455 (fetch 2025-09-15~2025-09-15, new=1) -> data\raw\현대지에프홀딩스.csv
[2025-09-15 19:34:15] [OK] 009970 저장: rows=2455 (fetch 2025-09-15~2025-09-15, new=1) -> data\raw\영원무역홀딩스.csv
[2025-09-15 19:34:15] [OK] 028260 저장: rows=2455 (fetch 2025-09-15~2025-09-15, new=1) -> data\raw\삼성물산.csv
[2025-09-15 19:34:15] [OK] 030200 저장: rows=2455 (fetch 2025-09-15~2025-09-15, new=1) -> data\raw\KT.csv
[2025-09-15 19:34:15] [OK] 032640 저장: rows=2455 (fetch 2025-09-15~2025-09-15, new=1) -> data\raw\LG유플러스.csv
[2025-09-15 19:34:15] [OK] 035250 저장: rows=2455 (fetch 2025-09-15~2025-09-15, new=1) -> data\raw\강원랜드.csv
[2025-09-15 19:34:15] [OK] 034220 저장: rows=2455 (fetch 2025-09-15~2025-09-15, new=1) -> data\raw\LG디스플레이.csv
[2025-09-15 19:34:25] [ERROR] 코스피: '코스피'
[2025-09-15 19:40:39] [OK] 000640 저장: rows=2455 (fetch 2025-09-15~2025-09-15, new=1) -> data\raw\동아쏘시오홀딩스.csv
[2025-09-15 19:40:39] [OK] 001430 저장: rows=2455 (fetch 2025-09-15~2025-09-15, new=1) -> data\raw\세아베스틸지주.csv
[2025-09-15 19:40:39] [OK] 001800 저장: rows=2455 (fetch 2025-09-15~2025-09-15, new=1) -> data\raw\오리온홀딩스.csv
[2025-09-15 19:40:39] [OK] 002790 저장: rows=2455 (fetch 2025-09-15~2025-09-15, new=1) -> data\raw\아모레퍼시픽홀딩스.csv
[2025-09-15 19:40:39] [OK] 005440 저장: rows=2455 (fetch 2025-09-15~2025-09-15, new=1) -> data\raw\현대지에프홀딩스.csv
[2025-09-15 19:40:39] [OK] 009970 저장: rows=2455 (fetch 2025-09-15~2025-09-15, new=1) -> data\raw\영원무역홀딩스.csv
[2025-09-15 19:40:39] [OK] 028260 저장: rows=2455 (fetch 2025-09-15~2025-09-15, new=1) -> data\raw\삼성물산.csv
[2025-09-15 19:40:40] [OK] 030200 저장: rows=2455 (fetch 2025-09-15~2025-09-15, new=1) -> data\raw\KT.csv
[2025-09-15 19:40:40] [OK] 032640 저장: rows=2455 (fetch 2025-09-15~2025-09-15, new=1) -> data\raw\LG유플러스.csv
[2025-09-15 19:40:40] [OK] 035250 저장: rows=2455 (fetch 2025-09-15~2025-09-15, new=1) -> data\raw\강원랜드.csv
[2025-09-15 19:40:40] [OK] 034220 저장: rows=2455 (fetch 2025-09-15~2025-09-15, new=1) -> data\raw\LG디스플레이.csv
[2025-09-15 19:40:49] [OK] 1001 저장: rows=2455 (fetch 2015-09-15~2025-09-15, new=2455) -> data\raw\KOSPI.csv
[2025-09-16 17:37:28] [OK] 000640 저장: rows=2456 (fetch 2025-09-15~2025-09-16, new=2) -> data\raw\동아쏘시오홀딩스.csv
[2025-09-16 17:37:28] [OK] 001430 저장: rows=2456 (fetch 2025-09-15~2025-09-16, new=2) -> data\raw\세아베스틸지주.csv
[2025-09-16 17:37:28] [OK] 001800 저장: rows=2456 (fetch 2025-09-15~2025-09-16, new=2) -> data\raw\오리온홀딩스.csv
[2025-09-16 17:37:28] [OK] 002790 저장: rows=2456 (fetch 2025-09-15~2025-09-16, new=2) -> data\raw\아모레퍼시픽홀딩스.csv
[2025-09-16 17:37:28] [OK] 005440 저장: rows=2456 (fetch 2025-09-15~2025-09-16, new=2) -> data\raw\현대지에프홀딩스.csv
[2025-09-16 17:37:28] [OK] 009970 저장: rows=2456 (fetch 2025-09-15~2025-09-16, new=2) -> data\raw\영원무역홀딩스.csv
[2025-09-16 17:37:28] [OK] 028260 저장: rows=2456 (fetch 2025-09-15~2025-09-16, new=2) -> data\raw\삼성물산.csv
[2025-09-16 17:37:29] [OK] 030200 저장: rows=2456 (fetch 2025-09-15~2025-09-16, new=2) -> data\raw\KT.csv
[2025-09-16 17:37:29] [OK] 032640 저장: rows=2456 (fetch 2025-09-15~2025-09-16, new=2) -> data\raw\LG유플러스.csv
[2025-09-16 17:37:29] [OK] 035250 저장: rows=2456 (fetch 2025-09-15~2025-09-16, new=2) -> data\raw\강원랜드.csv
[2025-09-16 17:37:29] [OK] 034220 저장: rows=2456 (fetch 2025-09-15~2025-09-16, new=2) -> data\raw\LG디스플레이.csv
[2025-09-16 17:37:35] [OK] 1001 저장: rows=2456 (fetch 2025-09-15~2025-09-16, new=2) -> data\raw\KOSPI.csv
